C51 COMPILER V9.54   MAIN                                                                  10/15/2021 01:20:44 PAGE 1   


C51 COMPILER V9.54, COMPILATION OF MODULE MAIN
OBJECT MODULE PLACED IN .\Objects\main.obj
COMPILER INVOKED BY: H:\codeTool\keil5\C51\BIN\C51.EXE main.c OPTIMIZE(8,SPEED) BROWSE DEBUG OBJECTEXTEND PRINT(.\Listin
                    -gs\main.lst) TABS(2) OBJECT(.\Objects\main.obj)

line level    source

   1          #include <REGX52.H>
   2          #include <INTRINS.H>
   3          
   4          void Delay1ms(unsigned int xms)   //@12.000MHz
   5          {
   6   1        unsigned char i, j;
   7   1        while(xms) {
   8   2          i = 2;
   9   2          j = 239;
  10   2          do
  11   2          {
  12   3            while (--j);
  13   3          } while (--i);
  14   2          xms--;
  15   2        }
  16   1      
  17   1      }
  18          
  19          void main()
  20          {
  21   1        while(1) {
  22   2          // 1 1111 1110
  23   2          P2 = 0xFE;
  24   2          Delay1ms(100);
  25   2          // 2 1111 1101
  26   2          P2 = 0xFD;
  27   2          Delay1ms(100);
  28   2          // 3 1111 1011
  29   2          P2 = 0xFB;
  30   2          Delay1ms(100);
  31   2          // 4 1111 0111
  32   2          P2 = 0xF7;
  33   2          Delay1ms(100);
  34   2          // 5 1110 1111
  35   2          P2 = 0xEF;
  36   2          Delay1ms(100);
  37   2          // 6 1101 1111
  38   2          P2 = 0xDF;
  39   2          Delay1ms(100);
  40   2          // 7 1011 1111
  41   2          P2 = 0xBF;
  42   2          Delay1ms(100);
  43   2          // 8 0111 1111
  44   2          P2 = 0x7F;
  45   2          Delay1ms(100);
  46   2        }
  47   1      }
  48          
  49          


MODULE INFORMATION:   STATIC OVERLAYABLE
   CODE SIZE        =     74    ----
   CONSTANT SIZE    =   ----    ----
C51 COMPILER V9.54   MAIN                                                                  10/15/2021 01:20:44 PAGE 2   

   XDATA SIZE       =   ----    ----
   PDATA SIZE       =   ----    ----
   DATA SIZE        =   ----    ----
   IDATA SIZE       =   ----    ----
   BIT SIZE         =   ----    ----
END OF MODULE INFORMATION.


C51 COMPILATION COMPLETE.  0 WARNING(S),  0 ERROR(S)
